<?xml version="1.0" encoding="UTF-8"?>
<!-- Generated by org.testng.reporters.JUnitReportReporter -->
<testsuite skipped="0" hostname="LAPTOP-M5TUGDDQ" name="com.flex.pageObjectModel.TestClasses.TestCases" tests="2" failures="0" timestamp="02 Nov 2018 23:15:19 GMT" time="3.740" errors="0">
  <testcase name="init" time="3.010" classname="com.flex.pageObjectModel.TestClasses.TestCases"/>
  <testcase name="enterUsernamePass" time="0.730" classname="com.flex.pageObjectModel.TestClasses.TestCases"/>
</testsuite> <!-- com.flex.pageObjectModel.TestClasses.TestCases -->
